app/build/intermediates/manifest_merge_blame_file/release/manifest-merger-blame-release-report.txt
1<?xml version="1.0" encoding="utf-8"?>
2<manifest xmlns:android="http://schemas.android.com/apk/res/android"
3    package="com.medicare.app"
4    android:versionCode="1"
5    android:versionName="1.0" >
6
7    <uses-sdk
8        android:minSdkVersion="24"
9        android:targetSdkVersion="34" />
10
11    <uses-permission android:name="android.permission.SET_ALARM" />
11-->src/main/AndroidManifest.xml:5:5-68
11-->src/main/AndroidManifest.xml:5:22-65
12    <uses-permission android:name="android.permission.WAKE_LOCK" />
12-->src/main/AndroidManifest.xml:6:5-68
12-->src/main/AndroidManifest.xml:6:22-65
13    <uses-permission android:name="android.permission.RECEIVE_BOOT_COMPLETED" />
13-->src/main/AndroidManifest.xml:7:5-81
13-->src/main/AndroidManifest.xml:7:22-78
14    <uses-permission android:name="android.permission.VIBRATE" />
14-->src/main/AndroidManifest.xml:8:5-66
14-->src/main/AndroidManifest.xml:8:22-63
15    <uses-permission android:name="android.permission.POST_NOTIFICATIONS" />
15-->src/main/AndroidManifest.xml:9:5-77
15-->src/main/AndroidManifest.xml:9:22-74
16    <uses-permission android:name="android.permission.SCHEDULE_EXACT_ALARM" />
16-->src/main/AndroidManifest.xml:10:5-79
16-->src/main/AndroidManifest.xml:10:22-76
17    <uses-permission android:name="android.permission.USE_EXACT_ALARM" />
17-->src/main/AndroidManifest.xml:11:5-74
17-->src/main/AndroidManifest.xml:11:22-71
18
19    <permission
19-->[androidx.core:core:1.9.0] AndroidManifest.xml:22:5-24:47
20        android:name="com.medicare.app.DYNAMIC_RECEIVER_NOT_EXPORTED_PERMISSION"
20-->[androidx.core:core:1.9.0] AndroidManifest.xml:23:9-81
21        android:protectionLevel="signature" />
21-->[androidx.core:core:1.9.0] AndroidManifest.xml:24:9-44
22
23    <uses-permission android:name="com.medicare.app.DYNAMIC_RECEIVER_NOT_EXPORTED_PERMISSION" />
23-->[androidx.core:core:1.9.0] AndroidManifest.xml:26:5-97
23-->[androidx.core:core:1.9.0] AndroidManifest.xml:26:22-94
24
25    <application
25-->src/main/AndroidManifest.xml:13:5-64:19
26        android:allowBackup="true"
26-->src/main/AndroidManifest.xml:14:9-35
27        android:appComponentFactory="androidx.core.app.CoreComponentFactory"
27-->[androidx.core:core:1.9.0] AndroidManifest.xml:28:18-86
28        android:extractNativeLibs="false"
29        android:icon="@android:drawable/ic_menu_agenda"
29-->src/main/AndroidManifest.xml:18:9-56
30        android:label="@string/app_name"
30-->src/main/AndroidManifest.xml:15:9-41
31        android:supportsRtl="true"
31-->src/main/AndroidManifest.xml:16:9-35
32        android:theme="@style/Theme.MediCare" >
32-->src/main/AndroidManifest.xml:17:9-46
33        <activity
33-->src/main/AndroidManifest.xml:20:9-28:20
34            android:name="com.medicare.app.LoginActivity"
34-->src/main/AndroidManifest.xml:21:13-42
35            android:exported="true"
35-->src/main/AndroidManifest.xml:22:13-36
36            android:theme="@style/Theme.MediCare" >
36-->src/main/AndroidManifest.xml:23:13-50
37            <intent-filter>
37-->src/main/AndroidManifest.xml:24:13-27:29
38                <action android:name="android.intent.action.MAIN" />
38-->src/main/AndroidManifest.xml:25:17-69
38-->src/main/AndroidManifest.xml:25:25-66
39
40                <category android:name="android.intent.category.LAUNCHER" />
40-->src/main/AndroidManifest.xml:26:17-77
40-->src/main/AndroidManifest.xml:26:27-74
41            </intent-filter>
42        </activity>
43        <activity
43-->src/main/AndroidManifest.xml:30:9-33:53
44            android:name="com.medicare.app.MainActivity"
44-->src/main/AndroidManifest.xml:31:13-41
45            android:exported="false"
45-->src/main/AndroidManifest.xml:32:13-37
46            android:theme="@style/Theme.MediCare" />
46-->src/main/AndroidManifest.xml:33:13-50
47        <activity
47-->src/main/AndroidManifest.xml:35:9-38:59
48            android:name="com.medicare.app.SignupActivity"
48-->src/main/AndroidManifest.xml:36:13-43
49            android:exported="false"
49-->src/main/AndroidManifest.xml:37:13-37
50            android:parentActivityName="com.medicare.app.LoginActivity" />
50-->src/main/AndroidManifest.xml:38:13-56
51        <activity
51-->src/main/AndroidManifest.xml:40:9-43:58
52            android:name="com.medicare.app.DashboardActivity"
52-->src/main/AndroidManifest.xml:41:13-46
53            android:exported="false"
53-->src/main/AndroidManifest.xml:42:13-37
54            android:parentActivityName="com.medicare.app.MainActivity" />
54-->src/main/AndroidManifest.xml:43:13-55
55        <activity
55-->src/main/AndroidManifest.xml:45:9-48:63
56            android:name="com.medicare.app.AddMedicineActivity"
56-->src/main/AndroidManifest.xml:46:13-48
57            android:exported="false"
57-->src/main/AndroidManifest.xml:47:13-37
58            android:parentActivityName="com.medicare.app.DashboardActivity" />
58-->src/main/AndroidManifest.xml:48:13-60
59
60        <receiver
60-->src/main/AndroidManifest.xml:50:9-53:40
61            android:name="com.medicare.app.receivers.MedicineReminderReceiver"
61-->src/main/AndroidManifest.xml:51:13-63
62            android:enabled="true"
62-->src/main/AndroidManifest.xml:52:13-35
63            android:exported="false" />
63-->src/main/AndroidManifest.xml:53:13-37
64        <receiver
64-->src/main/AndroidManifest.xml:55:9-62:20
65            android:name="com.medicare.app.receivers.BootReceiver"
65-->src/main/AndroidManifest.xml:56:13-51
66            android:enabled="true"
66-->src/main/AndroidManifest.xml:57:13-35
67            android:exported="false" >
67-->src/main/AndroidManifest.xml:58:13-37
68            <intent-filter>
68-->src/main/AndroidManifest.xml:59:13-61:29
69                <action android:name="android.intent.action.BOOT_COMPLETED" />
69-->src/main/AndroidManifest.xml:60:17-79
69-->src/main/AndroidManifest.xml:60:25-76
70            </intent-filter>
71        </receiver>
72
73        <provider
73-->[androidx.emoji2:emoji2:1.2.0] AndroidManifest.xml:24:9-32:20
74            android:name="androidx.startup.InitializationProvider"
74-->[androidx.emoji2:emoji2:1.2.0] AndroidManifest.xml:25:13-67
75            android:authorities="com.medicare.app.androidx-startup"
75-->[androidx.emoji2:emoji2:1.2.0] AndroidManifest.xml:26:13-68
76            android:exported="false" >
76-->[androidx.emoji2:emoji2:1.2.0] AndroidManifest.xml:27:13-37
77            <meta-data
77-->[androidx.emoji2:emoji2:1.2.0] AndroidManifest.xml:29:13-31:52
78                android:name="androidx.emoji2.text.EmojiCompatInitializer"
78-->[androidx.emoji2:emoji2:1.2.0] AndroidManifest.xml:30:17-75
79                android:value="androidx.startup" />
79-->[androidx.emoji2:emoji2:1.2.0] AndroidManifest.xml:31:17-49
80            <meta-data
80-->[androidx.lifecycle:lifecycle-process:2.4.1] AndroidManifest.xml:31:13-33:52
81                android:name="androidx.lifecycle.ProcessLifecycleInitializer"
81-->[androidx.lifecycle:lifecycle-process:2.4.1] AndroidManifest.xml:32:17-78
82                android:value="androidx.startup" />
82-->[androidx.lifecycle:lifecycle-process:2.4.1] AndroidManifest.xml:33:17-49
83        </provider>
84    </application>
85
86</manifest>